2023-01-18 22:01:175 INFO  HomePage :44 - Entering search text : [[ChromeDriver: chrome on WINDOWS (d45b2d13166b3d39a4b38f68d7cd59fc)] -> xpath: //*[@id="beans-masthead-desktop-search-input"]]
2023-01-18 22:01:812 INFO  HomePage :49 - Clicking on search box button : Proxy element for: DefaultElementLocator 'By.xpath: //*[@id="header"]/header/div/div[2]/div/div/div[1]/div/div/div/div/div/div/div/div[2]/div[2]/button/span/svg'
2023-01-18 22:01:754 INFO  HomePage :44 - Entering search text : [[ChromeDriver: chrome on WINDOWS (25a6662141a3ba2eee48fdc87b42985f)] -> xpath: //*[@id="beans-masthead-desktop-search-input"]]
2023-01-18 22:01:890 INFO  HomePage :49 - Clicking on search box button : Proxy element for: DefaultElementLocator 'By.xpath: //*[@id="header"]/header/div/div[2]/div/div/div[1]/div/div/div/div/div/div/div/div[2]/div[2]/button/span/svg/path'
2023-01-18 23:01:248 INFO  HomePage :44 - Entering search text : [[ChromeDriver: chrome on WINDOWS (b3165c1ca84f90bf7a31cf794457693c)] -> xpath: //*[@id="beans-masthead-desktop-search-input"]]
2023-01-18 23:01:124 INFO  HomePage :49 - Clicking on search box button : [[ChromeDriver: chrome on WINDOWS (b3165c1ca84f90bf7a31cf794457693c)] -> id: cooking oil_id]
2023-01-18 23:01:150 INFO  HomePage :44 - Entering search text : [[ChromeDriver: chrome on WINDOWS (3b90ca7d64a9a02096036d5bbcc221c6)] -> xpath: //*[@id="beans-masthead-desktop-search-input"]]
2023-01-18 23:01:122 INFO  HomePage :49 - Clicking on search box button : [[ChromeDriver: chrome on WINDOWS (3b90ca7d64a9a02096036d5bbcc221c6)] -> id: cooking oil_id]
2023-01-18 23:01:504 INFO  HomePage :54 - Getting text to verify : [[ChromeDriver: chrome on WINDOWS (3b90ca7d64a9a02096036d5bbcc221c6)] -> xpath: //*[@id="results"]/h1]
2023-01-18 23:01:640 INFO  HomePage :44 - Entering search text : [[ChromeDriver: chrome on WINDOWS (ba756bea074ac3b1aeb1d8712710acca)] -> xpath: //*[@id="beans-masthead-desktop-search-input"]]
2023-01-18 23:01:739 INFO  HomePage :49 - Clicking on search box button : [[ChromeDriver: chrome on WINDOWS (ba756bea074ac3b1aeb1d8712710acca)] -> id: cooking oil_id]
2023-01-18 23:01:519 INFO  HomePage :54 - Getting text to verify : [[ChromeDriver: chrome on WINDOWS (ba756bea074ac3b1aeb1d8712710acca)] -> xpath: //*[@id="results"]/h1]
2023-01-20 14:01:556 INFO  HomePage :44 - Entering search text : [[ChromeDriver: chrome on WINDOWS (935ceac28bbc709e4a5aab54763b9bf5)] -> xpath: //*[@id="beans-masthead-desktop-search-input"]]
2023-01-20 14:01:797 INFO  HomePage :49 - Clicking on search box button : [[ChromeDriver: chrome on WINDOWS (935ceac28bbc709e4a5aab54763b9bf5)] -> id: cooking oil_id]
2023-01-20 14:01:794 INFO  HomePage :54 - Getting text to verify : [[ChromeDriver: chrome on WINDOWS (935ceac28bbc709e4a5aab54763b9bf5)] -> xpath: //*[@id="results"]/h1]
2023-02-14 23:02:25 INFO  HomePage :44 - Entering search text : [[ChromeDriver: chrome on WINDOWS (403beae7cd88658d84a7acd8814eb163)] -> xpath: //*[@id="beans-masthead-desktop-search-input"]]
2023-02-14 23:02:569 INFO  HomePage :49 - Clicking on search box button : [[ChromeDriver: chrome on WINDOWS (403beae7cd88658d84a7acd8814eb163)] -> id: cooking oil_id]
2023-02-14 23:02:195 INFO  HomePage :54 - Getting text to verify : Proxy element for: DefaultElementLocator 'By.xpath: //*[@id="results"]/h1'
2023-02-14 23:02:194 INFO  HomePage :44 - Entering search text : [[ChromeDriver: chrome on WINDOWS (c0ff02e7ff5e8cb850ff33f01586a671)] -> xpath: //*[@id="beans-masthead-desktop-search-input"]]
2023-02-14 23:02:361 INFO  HomePage :49 - Clicking on search box button : [[ChromeDriver: chrome on WINDOWS (c0ff02e7ff5e8cb850ff33f01586a671)] -> id: cooking oil_id]
2023-02-14 23:02:206 INFO  HomePage :54 - Getting text to verify : Proxy element for: DefaultElementLocator 'By.xpath: //*[@id="results"]/h1'
2023-02-14 23:02:542 INFO  HomePage :44 - Entering search text : [[ChromeDriver: chrome on WINDOWS (e2246e9e33165776afb8224228a821dd)] -> xpath: //*[@id="beans-masthead-desktop-search-input"]]
2023-02-14 23:02:462 INFO  HomePage :49 - Clicking on search box button : [[ChromeDriver: chrome on WINDOWS (e2246e9e33165776afb8224228a821dd)] -> id: cooking oil_id]
2023-02-14 23:02:269 INFO  HomePage :54 - Getting text to verify : Proxy element for: DefaultElementLocator 'By.xpath: //*[@id="results"]/h1'
2023-02-14 23:02:374 INFO  HomePage :44 - Entering search text : [[ChromeDriver: chrome on WINDOWS (7b586315d964b7de724ec5b9d80cf37e)] -> xpath: //*[@id="beans-masthead-desktop-search-input"]]
2023-02-14 23:02:385 INFO  HomePage :49 - Clicking on search box button : [[ChromeDriver: chrome on WINDOWS (7b586315d964b7de724ec5b9d80cf37e)] -> id: cooking oil_id]
2023-02-14 23:02:976 INFO  HomePage :54 - Getting text to verify : [[ChromeDriver: chrome on WINDOWS (7b586315d964b7de724ec5b9d80cf37e)] -> xpath: //h1[contains(text(),'No products found for "cooking oil"')]]
2023-02-15 21:02:939 INFO  HomePage :39 - Clicking on accept all cookies : [[ChromeDriver: chrome on WINDOWS (e85ac6ea1569069029c7afb0208f5aff)] -> xpath: //button[contains(text(),'Save and close')]]
2023-02-15 21:02:957 INFO  HomePage :44 - Hovering mouse pointer on "WHAT WE DO" tab[[ChromeDriver: chrome on WINDOWS (e85ac6ea1569069029c7afb0208f5aff)] -> xpath: //ul[@class='nav-main bg-primary']/child::li[2]/a]
2023-02-15 22:02:598 INFO  HomePage :39 - Clicking on accept all cookies : [[ChromeDriver: chrome on WINDOWS (acc36e6947f58bd8489b08de21e0ffa1)] -> xpath: //button[contains(text(),'Save and close')]]
2023-02-15 22:02:713 INFO  HomePage :44 - Hovering mouse pointer on "WHAT WE DO" tab[[ChromeDriver: chrome on WINDOWS (acc36e6947f58bd8489b08de21e0ffa1)] -> xpath: //ul[@class='nav-main bg-primary']/child::li[2]/a]
2023-02-15 22:02:751 INFO  HomePage :39 - Clicking on accept all cookies : [[ChromeDriver: chrome on WINDOWS (cc0d3322bdc4ca2803fb509e77354425)] -> xpath: //button[contains(text(),'Save and close')]]
2023-02-15 22:02:972 INFO  HomePage :44 - Hovering mouse pointer on "WHAT WE DO" tab[[ChromeDriver: chrome on WINDOWS (cc0d3322bdc4ca2803fb509e77354425)] -> xpath: //ul[@class='nav-main bg-primary']/child::li[2]/a]
2023-02-15 22:02:426 INFO  HomePage :39 - Clicking on accept all cookies : [[ChromeDriver: chrome on WINDOWS (280469877b72f4c2f7c0f23ad241e5f2)] -> xpath: //button[contains(text(),'Save and close')]]
2023-02-15 22:02:931 INFO  HomePage :44 - Hovering mouse pointer on "WHAT WE DO" tab[[ChromeDriver: chrome on WINDOWS (280469877b72f4c2f7c0f23ad241e5f2)] -> xpath: //ul[@class='nav-main bg-primary']/child::li[2]/a]
2023-02-15 22:02:947 INFO  HomePage :39 - Clicking on accept all cookies : [[ChromeDriver: chrome on WINDOWS (171bd8e50e9d1d39981641c9f4a6414e)] -> xpath: //button[contains(text(),'Save and close')]]
2023-02-15 22:02:232 INFO  HomePage :44 - Hovering mouse pointer on "WHAT WE DO" tab[[ChromeDriver: chrome on WINDOWS (171bd8e50e9d1d39981641c9f4a6414e)] -> xpath: //body/div[1]/div[1]/ul[1]/li[2]/a[1]]
2023-02-15 22:02:567 INFO  HomePage :50 - Clicking on option "Rail Infrastructure" from dropdown[[ChromeDriver: chrome on WINDOWS (171bd8e50e9d1d39981641c9f4a6414e)] -> xpath: //div//li//li//a[.="Rail infrastructure"]]
2023-02-15 22:02:224 INFO  HomePage :55 - Getting text to verify : [[ChromeDriver: chrome on WINDOWS (171bd8e50e9d1d39981641c9f4a6414e)] -> xpath: //h1[contains(text(),'Rail infrastructure')]]
2023-02-15 22:02:510 INFO  HomePage :39 - Clicking on accept all cookies : [[ChromeDriver: chrome on WINDOWS (9e86ded93e65a397acd4a50af4dcaa3e)] -> xpath: //button[contains(text(),'Save and close')]]
2023-02-15 22:02:791 INFO  HomePage :44 - Hovering mouse pointer on "WHAT WE DO" tab[[ChromeDriver: chrome on WINDOWS (9e86ded93e65a397acd4a50af4dcaa3e)] -> xpath: //body/div[1]/div[1]/ul[1]/li[2]/a[1]]
2023-02-15 22:02:71 INFO  HomePage :50 - Clicking on option "Rail Infrastructure" from dropdown[[ChromeDriver: chrome on WINDOWS (9e86ded93e65a397acd4a50af4dcaa3e)] -> xpath: //div//li//li//a[.="Rail infrastructure"]]
2023-02-15 22:02:155 INFO  HomePage :55 - Getting text to verify : [[ChromeDriver: chrome on WINDOWS (9e86ded93e65a397acd4a50af4dcaa3e)] -> xpath: //h1[contains(text(),'Rail infrastructure')]]
2023-02-15 22:02:454 INFO  HomePage :39 - Clicking on accept all cookies : [[ChromeDriver: chrome on WINDOWS (df33ec085e24c5aab819fae98dd8d235)] -> xpath: //button[contains(text(),'Save and close')]]
2023-02-15 22:02:643 INFO  HomePage :44 - Hovering mouse pointer on "WHAT WE DO" tab[[ChromeDriver: chrome on WINDOWS (df33ec085e24c5aab819fae98dd8d235)] -> xpath: //body/div[1]/div[1]/ul[1]/li[2]/a[1]]
2023-02-15 22:02:912 INFO  HomePage :50 - Clicking on option "Rail Infrastructure" from dropdown[[ChromeDriver: chrome on WINDOWS (df33ec085e24c5aab819fae98dd8d235)] -> xpath: //div//li//li//a[.="Rail infrastructure"]]
2023-02-15 22:02:606 INFO  HomePage :55 - Getting text to verify : [[ChromeDriver: chrome on WINDOWS (df33ec085e24c5aab819fae98dd8d235)] -> xpath: //h1[contains(text(),'Rail infrastructure')]]
2023-02-16 18:02:835 INFO  HomePage :45 - Clicking on accept all cookies : [[ChromeDriver: chrome on WINDOWS (11caa735ca49d61ddd9120b9dd406151)] -> xpath: //button[contains(text(),'Save and close')]]
2023-02-16 18:02:524 INFO  HomePage :50 - Hovering mouse pointer on "WHAT WE DO" tab[[ChromeDriver: chrome on WINDOWS (11caa735ca49d61ddd9120b9dd406151)] -> xpath: //body/div[1]/div[1]/ul[1]/li[2]/a[1]]
2023-02-16 18:02:803 INFO  HomePage :56 - Clicking on option "Rail Infrastructure" from dropdown[[ChromeDriver: chrome on WINDOWS (11caa735ca49d61ddd9120b9dd406151)] -> xpath: //div//li//li//a[.="Rail infrastructure"]]
2023-02-16 18:02:52 INFO  HomePage :45 - Clicking on accept all cookies : [[ChromeDriver: chrome on WINDOWS (c3bfec61f5287908ec19ce38bcde6439)] -> xpath: //button[contains(text(),'Save and close')]]
2023-02-16 18:02:180 INFO  HomePage :50 - Hovering mouse pointer on "WHAT WE DO" tab[[ChromeDriver: chrome on WINDOWS (c3bfec61f5287908ec19ce38bcde6439)] -> xpath: //body/div[1]/div[1]/ul[1]/li[2]/a[1]]
2023-02-16 18:02:424 INFO  HomePage :56 - Clicking on option "Rail Infrastructure" from dropdown[[ChromeDriver: chrome on WINDOWS (c3bfec61f5287908ec19ce38bcde6439)] -> xpath: //div//li//li//a[.="Rail infrastructure"]]
2023-02-16 18:02:790 INFO  HomePage :61 - Getting text to verify : [[ChromeDriver: chrome on WINDOWS (c3bfec61f5287908ec19ce38bcde6439)] -> xpath: //h1[contains(text(),'Rail infrastructure')]]
2023-02-16 18:02:135 INFO  HomePage :45 - Clicking on accept all cookies : [[ChromeDriver: chrome on WINDOWS (1e3195827fdeff4c9df0b302c75f5d89)] -> xpath: //button[contains(text(),'Save and close')]]
2023-02-16 18:02:291 INFO  HomePage :50 - Hovering mouse pointer on "WHAT WE DO" tab[[ChromeDriver: chrome on WINDOWS (1e3195827fdeff4c9df0b302c75f5d89)] -> xpath: //body/div[1]/div[1]/ul[1]/li[2]/a[1]]
2023-02-16 18:02:592 INFO  HomePage :56 - Clicking on option "Rail Infrastructure" from dropdown[[ChromeDriver: chrome on WINDOWS (1e3195827fdeff4c9df0b302c75f5d89)] -> xpath: //div//li//li//a[.="Rail infrastructure"]]
2023-02-16 18:02:623 INFO  HomePage :61 - Getting text to verify : [[ChromeDriver: chrome on WINDOWS (1e3195827fdeff4c9df0b302c75f5d89)] -> xpath: //h1[contains(text(),'Rail infrastructure')]]
2023-02-16 18:02:285 INFO  HomePage :45 - Clicking on accept all cookies : [[ChromeDriver: chrome on WINDOWS (0125ba770c3720d1588a1e37d7263f40)] -> xpath: //button[contains(text(),'Save and close')]]
2023-02-16 18:02:367 INFO  HomePage :50 - Hovering mouse pointer on "WHAT WE DO" tab[[ChromeDriver: chrome on WINDOWS (0125ba770c3720d1588a1e37d7263f40)] -> xpath: //body/div[1]/div[1]/ul[1]/li[2]/a[1]]
2023-02-16 18:02:611 INFO  HomePage :56 - Clicking on option "Rail Infrastructure" from dropdown[[ChromeDriver: chrome on WINDOWS (0125ba770c3720d1588a1e37d7263f40)] -> xpath: //div//li//li//a[.="Rail infrastructure"]]
2023-02-16 18:02:522 INFO  HomePage :61 - Getting text to verify : [[ChromeDriver: chrome on WINDOWS (0125ba770c3720d1588a1e37d7263f40)] -> xpath: //h1[contains(text(),'Rail infrastructure')]]
2023-02-16 18:02:391 INFO  HomePage :45 - Clicking on accept all cookies : [[ChromeDriver: chrome on WINDOWS (708b05bb67ac661b8f604c730a190c50)] -> xpath: //button[contains(text(),'Save and close')]]
2023-02-16 18:02:807 INFO  HomePage :50 - Hovering mouse pointer on "WHAT WE DO" tab[[ChromeDriver: chrome on WINDOWS (708b05bb67ac661b8f604c730a190c50)] -> xpath: //body/div[1]/div[1]/ul[1]/li[2]/a[1]]
2023-02-16 18:02:388 INFO  HomePage :56 - Clicking on option "Rail Infrastructure" from dropdown[[ChromeDriver: chrome on WINDOWS (708b05bb67ac661b8f604c730a190c50)] -> xpath: //div//li//li//a[.="Rail infrastructure"]]
2023-02-16 18:02:425 INFO  HomePage :61 - Getting text to verify : [[ChromeDriver: chrome on WINDOWS (708b05bb67ac661b8f604c730a190c50)] -> xpath: //h1[contains(text(),'Rail infrastructure')]]
2023-02-16 18:02:02 INFO  HomePage :45 - Clicking on accept all cookies : [[ChromeDriver: chrome on WINDOWS (bda7370be7e33cfd1ecc71cb95941a93)] -> xpath: //button[contains(text(),'Save and close')]]
2023-02-16 18:02:118 INFO  HomePage :50 - Hovering mouse pointer on "WHAT WE DO" tab[[ChromeDriver: chrome on WINDOWS (bda7370be7e33cfd1ecc71cb95941a93)] -> xpath: //body/div[1]/div[1]/ul[1]/li[2]/a[1]]
2023-02-16 18:02:378 INFO  HomePage :56 - Clicking on option "Rail Infrastructure" from dropdown[[ChromeDriver: chrome on WINDOWS (bda7370be7e33cfd1ecc71cb95941a93)] -> xpath: //div//li//li//a[.="Rail infrastructure"]]
2023-02-16 18:02:259 INFO  HomePage :61 - Getting text to verify : [[ChromeDriver: chrome on WINDOWS (bda7370be7e33cfd1ecc71cb95941a93)] -> xpath: //h1[contains(text(),'Rail infrastructure')]]
2023-02-16 18:02:183 INFO  HomePage :45 - Clicking on accept all cookies : [[ChromeDriver: chrome on WINDOWS (d48b1643e7a9a40594f332b6c946a149)] -> xpath: //button[contains(text(),'Save and close')]]
2023-02-16 18:02:248 INFO  HomePage :50 - Hovering mouse pointer on "WHAT WE DO" tab[[ChromeDriver: chrome on WINDOWS (d48b1643e7a9a40594f332b6c946a149)] -> xpath: //body/div[1]/div[1]/ul[1]/li[2]/a[1]]
2023-02-16 18:02:517 INFO  HomePage :56 - Clicking on option "Rail Infrastructure" from dropdown[[ChromeDriver: chrome on WINDOWS (d48b1643e7a9a40594f332b6c946a149)] -> xpath: //div//li//li//a[.="Rail infrastructure"]]
2023-02-16 18:02:430 INFO  HomePage :61 - Getting text to verify : [[ChromeDriver: chrome on WINDOWS (d48b1643e7a9a40594f332b6c946a149)] -> xpath: //h1[contains(text(),'Rail infrastructure')]]
2023-02-16 18:02:298 INFO  HomePage :45 - Clicking on accept all cookies : [[ChromeDriver: chrome on WINDOWS (7eeefb575f6287a475ad47d3990b62e9)] -> xpath: //button[contains(text(),'Save and close')]]
2023-02-16 18:02:347 INFO  HomePage :50 - Hovering mouse pointer on "WHAT WE DO" tab[[ChromeDriver: chrome on WINDOWS (7eeefb575f6287a475ad47d3990b62e9)] -> xpath: //body/div[1]/div[1]/ul[1]/li[2]/a[1]]
2023-02-16 18:02:593 INFO  HomePage :56 - Clicking on option "Rail Infrastructure" from dropdown[[ChromeDriver: chrome on WINDOWS (7eeefb575f6287a475ad47d3990b62e9)] -> xpath: //div//li//li//a[.="Rail infrastructure"]]
2023-02-16 18:02:573 INFO  HomePage :61 - Getting text to verify : [[ChromeDriver: chrome on WINDOWS (7eeefb575f6287a475ad47d3990b62e9)] -> xpath: //h1[contains(text(),'Rail infrastructure')]]
2023-02-16 18:02:749 INFO  HomePage :45 - Clicking on accept all cookies : [[ChromeDriver: chrome on WINDOWS (3b8fb47b4e3875bf6045e17d4d34cbb7)] -> xpath: //button[contains(text(),'Save and close')]]
2023-02-16 18:02:93 INFO  HomePage :50 - Hovering mouse pointer on "WHAT WE DO" tab[[ChromeDriver: chrome on WINDOWS (3b8fb47b4e3875bf6045e17d4d34cbb7)] -> xpath: //body/div[1]/div[1]/ul[1]/li[2]/a[1]]
2023-02-17 10:02:567 INFO  HomePage :45 - Clicking on accept all cookies : [[ChromeDriver: chrome on WINDOWS (4b97588d7b94357a3e4aa9bc2f9d161e)] -> xpath: //button[contains(text(),'Save and close')]]
2023-02-17 10:02:194 INFO  HomePage :50 - Hovering mouse pointer on "WHAT WE DO" tab[[ChromeDriver: chrome on WINDOWS (4b97588d7b94357a3e4aa9bc2f9d161e)] -> xpath: //body/div[1]/div[1]/ul[1]/li[2]/a[1]]
2023-02-17 10:02:384 INFO  HomePage :56 - Clicking on option "Rail Infrastructure" from dropdown[[ChromeDriver: chrome on WINDOWS (4b97588d7b94357a3e4aa9bc2f9d161e)] -> xpath: //div//li//li//a[.="Rail infrastructure"]]
2023-02-17 10:02:786 INFO  HomePage :61 - Getting text to verify : [[ChromeDriver: chrome on WINDOWS (4b97588d7b94357a3e4aa9bc2f9d161e)] -> xpath: //h1[contains(text(),'Rail infrastructure')]]
2023-02-17 10:02:43 INFO  HomePage :45 - Clicking on accept all cookies : [[ChromeDriver: chrome on WINDOWS (ab5b873bbf3e67aae7f2abf282770a1a)] -> xpath: //button[contains(text(),'Save and close')]]
2023-02-17 10:02:652 INFO  HomePage :50 - Hovering mouse pointer on "WHAT WE DO" tab[[ChromeDriver: chrome on WINDOWS (ab5b873bbf3e67aae7f2abf282770a1a)] -> xpath: //body/div[1]/div[1]/ul[1]/li[2]/a[1]]
2023-02-20 16:02:439 INFO  HomePage :45 - Clicking on accept all cookies : [[ChromeDriver: chrome on WINDOWS (5233cee050f517acadb0712b436b1e3a)] -> xpath: //button[contains(text(),'Save and close')]]
2023-02-20 16:02:190 INFO  HomePage :50 - Hovering mouse pointer on "WHAT WE DO" tab[[ChromeDriver: chrome on WINDOWS (5233cee050f517acadb0712b436b1e3a)] -> xpath: //body/div[1]/div[1]/ul[1]/li[2]/a[1]]
2023-02-20 16:02:375 INFO  HomePage :56 - Clicking on option "Rail Infrastructure" from dropdown[[ChromeDriver: chrome on WINDOWS (5233cee050f517acadb0712b436b1e3a)] -> xpath: //div//li//li//a[.="Rail infrastructure"]]
2023-02-20 16:02:865 INFO  HomePage :61 - Getting text to verify : [[ChromeDriver: chrome on WINDOWS (5233cee050f517acadb0712b436b1e3a)] -> xpath: //h1[contains(text(),'Rail infrastructure')]]
2023-02-20 16:02:919 INFO  HomePage :45 - Clicking on accept all cookies : [[ChromeDriver: chrome on WINDOWS (95bc4351be4f7a92a2401b6a96db0759)] -> xpath: //button[contains(text(),'Save and close')]]
2023-02-20 16:02:617 INFO  HomePage :50 - Hovering mouse pointer on "WHAT WE DO" tab[[ChromeDriver: chrome on WINDOWS (95bc4351be4f7a92a2401b6a96db0759)] -> xpath: //body/div[1]/div[1]/ul[1]/li[2]/a[1]]
2023-02-20 16:02:853 INFO  HomePage :45 - Clicking on accept all cookies : [[ChromeDriver: chrome on WINDOWS (974aa977b0614c7e3ed2543b732ffac0)] -> xpath: //button[contains(text(),'Save and close')]]
2023-02-20 16:02:590 INFO  HomePage :50 - Hovering mouse pointer on "WHAT WE DO" tab[[ChromeDriver: chrome on WINDOWS (974aa977b0614c7e3ed2543b732ffac0)] -> xpath: //body/div[1]/div[1]/ul[1]/li[2]/a[1]]
2023-02-20 16:02:792 INFO  HomePage :56 - Clicking on option "Rail Infrastructure" from dropdown[[ChromeDriver: chrome on WINDOWS (974aa977b0614c7e3ed2543b732ffac0)] -> xpath: //div//li//li//a[.="Rail infrastructure"]]
2023-02-20 16:02:742 INFO  HomePage :61 - Getting text to verify : [[ChromeDriver: chrome on WINDOWS (974aa977b0614c7e3ed2543b732ffac0)] -> xpath: //h1[contains(text(),'Rail infrastructure')]]
2023-02-20 16:02:38 INFO  HomePage :45 - Clicking on accept all cookies : [[ChromeDriver: chrome on WINDOWS (b35b21d125943e3423c442a4d03bd7a7)] -> xpath: //button[contains(text(),'Save and close')]]
2023-02-20 16:02:783 INFO  HomePage :50 - Hovering mouse pointer on "WHAT WE DO" tab[[ChromeDriver: chrome on WINDOWS (b35b21d125943e3423c442a4d03bd7a7)] -> xpath: //body/div[1]/div[1]/ul[1]/li[2]/a[1]]
2023-02-20 16:02:41 INFO  HomePage :45 - Clicking on accept all cookies : [[ChromeDriver: chrome on WINDOWS (ec28126031afd02e553e64830fc97c38)] -> xpath: //button[contains(text(),'Save and close')]]
2023-02-20 16:02:782 INFO  HomePage :50 - Hovering mouse pointer on "WHAT WE DO" tab[[ChromeDriver: chrome on WINDOWS (ec28126031afd02e553e64830fc97c38)] -> xpath: //body/div[1]/div[1]/ul[1]/li[2]/a[1]]
2023-02-20 16:02:974 INFO  HomePage :56 - Clicking on option "Rail Infrastructure" from dropdown[[ChromeDriver: chrome on WINDOWS (ec28126031afd02e553e64830fc97c38)] -> xpath: //div//li//li//a[.="Rail infrastructure"]]
2023-02-20 16:02:426 INFO  HomePage :61 - Getting text to verify : [[ChromeDriver: chrome on WINDOWS (ec28126031afd02e553e64830fc97c38)] -> xpath: //h1[contains(text(),'Rail infrastructure')]]
2023-02-20 16:02:144 INFO  HomePage :45 - Clicking on accept all cookies : [[ChromeDriver: chrome on WINDOWS (0703e8ffa02192db4caf9d43a622abfa)] -> xpath: //button[contains(text(),'Save and close')]]
2023-02-20 16:02:877 INFO  HomePage :50 - Hovering mouse pointer on "WHAT WE DO" tab[[ChromeDriver: chrome on WINDOWS (0703e8ffa02192db4caf9d43a622abfa)] -> xpath: //body/div[1]/div[1]/ul[1]/li[2]/a[1]]
2023-02-20 17:02:685 INFO  HomePage :45 - Clicking on accept all cookies : [[EdgeDriver: msedge on WINDOWS (40fa472969902a01a7eac53c30363f3d)] -> xpath: //button[contains(text(),'Save and close')]]
2023-02-20 17:02:383 INFO  HomePage :50 - Hovering mouse pointer on "WHAT WE DO" tab[[EdgeDriver: msedge on WINDOWS (40fa472969902a01a7eac53c30363f3d)] -> xpath: //body/div[1]/div[1]/ul[1]/li[2]/a[1]]
2023-02-20 17:02:581 INFO  HomePage :56 - Clicking on option "Rail Infrastructure" from dropdown[[EdgeDriver: msedge on WINDOWS (40fa472969902a01a7eac53c30363f3d)] -> xpath: //div//li//li//a[.="Rail infrastructure"]]
2023-02-20 17:02:207 INFO  HomePage :61 - Getting text to verify : [[EdgeDriver: msedge on WINDOWS (40fa472969902a01a7eac53c30363f3d)] -> xpath: //h1[contains(text(),'Rail infrastructure')]]
2023-02-20 17:02:03 INFO  HomePage :45 - Clicking on accept all cookies : [[EdgeDriver: msedge on WINDOWS (132b735890195493509a8c5af6de55b0)] -> xpath: //button[contains(text(),'Save and close')]]
2023-02-20 17:02:706 INFO  HomePage :50 - Hovering mouse pointer on "WHAT WE DO" tab[[EdgeDriver: msedge on WINDOWS (132b735890195493509a8c5af6de55b0)] -> xpath: //body/div[1]/div[1]/ul[1]/li[2]/a[1]]
2023-02-20 17:02:280 INFO  HomePage :45 - Clicking on accept all cookies : [[FirefoxDriver: firefox on WINDOWS (ee464367-d099-42b4-9c44-a142658d9418)] -> xpath: //button[contains(text(),'Save and close')]]
2023-02-20 17:02:449 INFO  HomePage :50 - Hovering mouse pointer on "WHAT WE DO" tab[[FirefoxDriver: firefox on WINDOWS (ee464367-d099-42b4-9c44-a142658d9418)] -> xpath: //body/div[1]/div[1]/ul[1]/li[2]/a[1]]
2023-02-20 17:02:642 INFO  HomePage :56 - Clicking on option "Rail Infrastructure" from dropdown[[FirefoxDriver: firefox on WINDOWS (ee464367-d099-42b4-9c44-a142658d9418)] -> xpath: //div//li//li//a[.="Rail infrastructure"]]
2023-02-20 17:02:74 INFO  HomePage :61 - Getting text to verify : [[FirefoxDriver: firefox on WINDOWS (ee464367-d099-42b4-9c44-a142658d9418)] -> xpath: //h1[contains(text(),'Rail infrastructure')]]
2023-02-20 17:02:841 INFO  HomePage :45 - Clicking on accept all cookies : [[FirefoxDriver: firefox on WINDOWS (0352f9bf-e0e1-4c65-afc9-28dc107b18a4)] -> xpath: //button[contains(text(),'Save and close')]]
2023-02-20 17:02:56 INFO  HomePage :50 - Hovering mouse pointer on "WHAT WE DO" tab[[FirefoxDriver: firefox on WINDOWS (0352f9bf-e0e1-4c65-afc9-28dc107b18a4)] -> xpath: //body/div[1]/div[1]/ul[1]/li[2]/a[1]]
